<?xml version="1.0" encoding="UTF-8"?>
<!-- Generated by org.testng.reporters.JUnitReportReporter -->
<testsuite hostname="USHYDIVENUGOP06" failures="0" tests="1" name="com.intella.testCases.BankManagerLoginTest" time="3.173" errors="0" timestamp="19 Aug 2021 18:26:26 GMT" skipped="0">
  <testcase classname="com.intella.testCases.BankManagerLoginTest" name="BankManagerLogin" time="3.173"/>
</testsuite> <!-- com.intella.testCases.BankManagerLoginTest -->
