<?xml version="1.0" encoding="UTF-8"?>
<!-- Generated by org.testng.reporters.JUnitReportReporter -->
<testsuite hostname="USHYDIVENUGOP06" failures="0" tests="2" name="com.intella.testCases.AddCustomerTest" time="5.958" errors="0" timestamp="19 Aug 2021 18:26:26 GMT" skipped="0">
  <testcase classname="com.intella.testCases.AddCustomerTest" name="AddCustomer" time="3.199"/>
  <testcase classname="com.intella.testCases.AddCustomerTest" name="AddCustomer" time="2.759"/>
</testsuite> <!-- com.intella.testCases.AddCustomerTest -->
